2023-05-19 16:32:44,744{GMT}	INFO	[jepsen test runner] jepsen.core: Command line:
lein run test -w echo --bin /Users/austinprince/go/bin/maelstrom-echo --node-count 1 --time-limit 10
2023-05-19 16:32:44,765{GMT}	INFO	[jepsen test runner] jepsen.core: Running test:
{:args []
 :remote
 #jepsen.control.retry.Remote{:remote #jepsen.control.scp.Remote{:cmd-remote #jepsen.control.sshj.SSHJRemote{:concurrency-limit 6,
                                                                                                             :conn-spec nil,
                                                                                                             :client nil,
                                                                                                             :semaphore nil},
                                                                 :conn-spec nil},
                              :conn nil}
 :log-net-send false
 :node-count 1
 :availability nil
 :max-txn-length 4
 :concurrency 1
 :db
 #object[maelstrom.db$db$reify__16142
         "0x13ae0ffd"
         "maelstrom.db$db$reify__16142@13ae0ffd"]
 :max-writes-per-key 16
 :leave-db-running? false
 :name "echo"
 :logging-json? false
 :start-time
 #object[org.joda.time.DateTime "0x30769e7a" "2023-05-19T16:32:44.733+02:00"]
 :nemesis-interval 10
 :net
 #object[maelstrom.net$jepsen_net$reify__15251
         "0x14021c10"
         "maelstrom.net$jepsen_net$reify__15251@14021c10"]
 :client
 #object[maelstrom.workload.echo$client$reify__16863
         "0x7dd4f726"
         "maelstrom.workload.echo$client$reify__16863@7dd4f726"]
 :barrier
 #object[java.util.concurrent.CyclicBarrier
         "0xbf6de66"
         "java.util.concurrent.CyclicBarrier@bf6de66"]
 :log-stderr false
 :pure-generators true
 :ssh {:dummy? true}
 :rate 5
 :checker
 #object[jepsen.checker$compose$reify__11881
         "0xff7042c"
         "jepsen.checker$compose$reify__11881@ff7042c"]
 :argv
 ("test"
  "-w"
  "echo"
  "--bin"
  "/Users/austinprince/go/bin/maelstrom-echo"
  "--node-count"
  "1"
  "--time-limit"
  "10")
 :nemesis
 (jepsen.nemesis.ReflCompose
  {:fm {:start-partition 0,
        :stop-partition 0,
        :kill 1,
        :start 1,
        :pause 1,
        :resume 1},
   :nemeses [#unprintable "jepsen.nemesis.combined$partition_nemesis$reify__16416@b917b5e"
             #unprintable "jepsen.nemesis.combined$db_nemesis$reify__16397@5126c0cd"]})
 :nodes ["n0"]
 :test-count 1
 :latency {:mean 0, :dist :constant}
 :bin "/Users/austinprince/go/bin/maelstrom-echo"
 :generator
 (jepsen.generator.TimeLimit
  {:limit 10000000000,
   :cutoff nil,
   :gen (jepsen.generator.Any
         {:gens [(jepsen.generator.OnThreads
                  {:f #{:nemesis},
                   :context-filter #object[jepsen.generator.context$make_thread_filter$lazy_filter__9167
                                           "0x74c3374f"
                                           "jepsen.generator.context$make_thread_filter$lazy_filter__9167@74c3374f"],
                   :gen nil})
                 (jepsen.generator.OnThreads
                  {:f #jepsen.generator.context.AllBut{:element :nemesis},
                   :context-filter #object[jepsen.generator.context$make_thread_filter$lazy_filter__9167
                                           "0x3eea7c4b"
                                           "jepsen.generator.context$make_thread_filter$lazy_filter__9167@3eea7c4b"],
                   :gen (jepsen.generator.Stagger
                         {:dt 400000000,
                          :next-time nil,
                          :gen (jepsen.generator.EachThread
                                {:fresh-gen #object[maelstrom.workload.echo$workload$fn__16882
                                                    "0x50d507ab"
                                                    "maelstrom.workload.echo$workload$fn__16882@50d507ab"],
                                 :context-filters #object[clojure.core$promise$reify__8591
                                                          "0x460222eb"
                                                          {:status :pending,
                                                           :val nil}],
                                 :gens {}})})})]})})
 :log-net-recv false
 :os
 #object[maelstrom.net$jepsen_os$reify__15254
         "0x2b960c2b"
         "maelstrom.net$jepsen_os$reify__15254@2b960c2b"]
 :time-limit 10
 :workload :echo
 :consistency-models [:strict-serializable]
 :topology :grid}

2023-05-19 16:32:45,535{GMT}	INFO	[jepsen node n0] maelstrom.net: Starting Maelstrom network
2023-05-19 16:32:45,536{GMT}	INFO	[jepsen test runner] jepsen.db: Tearing down DB
2023-05-19 16:32:45,537{GMT}	INFO	[jepsen test runner] jepsen.db: Setting up DB
2023-05-19 16:32:45,538{GMT}	INFO	[jepsen node n0] maelstrom.service: Starting services: (lin-kv lin-tso lww-kv seq-kv)
2023-05-19 16:32:45,538{GMT}	INFO	[jepsen node n0] maelstrom.db: Setting up n0
2023-05-19 16:32:45,539{GMT}	INFO	[jepsen node n0] maelstrom.process: launching /Users/austinprince/go/bin/maelstrom-echo []
2023-05-19 16:32:45,980{GMT}	INFO	[jepsen test runner] jepsen.core: Relative time begins now
2023-05-19 16:32:45,994{GMT}	INFO	[jepsen worker 0] jepsen.util: 0	:invoke	:echo	"Please echo 119"
2023-05-19 16:32:45,999{GMT}	INFO	[jepsen worker 0] jepsen.util: 0	:ok	:echo	{:echo "Please echo 119", :in_reply_to 1, :msg_id 1, :type "echo_ok"}
2023-05-19 16:32:46,166{GMT}	INFO	[jepsen worker 0] jepsen.util: 0	:invoke	:echo	"Please echo 9"
2023-05-19 16:32:46,168{GMT}	INFO	[jepsen worker 0] jepsen.util: 0	:ok	:echo	{:echo "Please echo 9", :in_reply_to 2, :msg_id 2, :type "echo_ok"}
2023-05-19 16:32:46,437{GMT}	INFO	[jepsen worker 0] jepsen.util: 0	:invoke	:echo	"Please echo 96"
2023-05-19 16:32:46,440{GMT}	INFO	[jepsen worker 0] jepsen.util: 0	:ok	:echo	{:echo "Please echo 96", :in_reply_to 3, :msg_id 3, :type "echo_ok"}
2023-05-19 16:32:46,612{GMT}	INFO	[jepsen worker 0] jepsen.util: 0	:invoke	:echo	"Please echo 67"
2023-05-19 16:32:46,615{GMT}	INFO	[jepsen worker 0] jepsen.util: 0	:ok	:echo	{:echo "Please echo 67", :in_reply_to 4, :msg_id 4, :type "echo_ok"}
2023-05-19 16:32:46,962{GMT}	INFO	[jepsen worker 0] jepsen.util: 0	:invoke	:echo	"Please echo 55"
2023-05-19 16:32:46,967{GMT}	INFO	[jepsen worker 0] jepsen.util: 0	:ok	:echo	{:echo "Please echo 55", :in_reply_to 5, :msg_id 5, :type "echo_ok"}
2023-05-19 16:32:47,261{GMT}	INFO	[jepsen worker 0] jepsen.util: 0	:invoke	:echo	"Please echo 24"
2023-05-19 16:32:47,265{GMT}	INFO	[jepsen worker 0] jepsen.util: 0	:ok	:echo	{:echo "Please echo 24", :in_reply_to 6, :msg_id 6, :type "echo_ok"}
2023-05-19 16:32:47,580{GMT}	INFO	[jepsen worker 0] jepsen.util: 0	:invoke	:echo	"Please echo 1"
2023-05-19 16:32:47,584{GMT}	INFO	[jepsen worker 0] jepsen.util: 0	:ok	:echo	{:echo "Please echo 1", :in_reply_to 7, :msg_id 7, :type "echo_ok"}
2023-05-19 16:32:47,713{GMT}	INFO	[jepsen worker 0] jepsen.util: 0	:invoke	:echo	"Please echo 11"
2023-05-19 16:32:47,717{GMT}	INFO	[jepsen worker 0] jepsen.util: 0	:ok	:echo	{:echo "Please echo 11", :in_reply_to 8, :msg_id 8, :type "echo_ok"}
2023-05-19 16:32:47,997{GMT}	INFO	[jepsen worker 0] jepsen.util: 0	:invoke	:echo	"Please echo 120"
2023-05-19 16:32:47,999{GMT}	INFO	[jepsen worker 0] jepsen.util: 0	:ok	:echo	{:echo "Please echo 120", :in_reply_to 9, :msg_id 9, :type "echo_ok"}
2023-05-19 16:32:48,105{GMT}	INFO	[jepsen worker 0] jepsen.util: 0	:invoke	:echo	"Please echo 55"
2023-05-19 16:32:48,108{GMT}	INFO	[jepsen worker 0] jepsen.util: 0	:ok	:echo	{:echo "Please echo 55", :in_reply_to 10, :msg_id 10, :type "echo_ok"}
2023-05-19 16:32:48,203{GMT}	INFO	[jepsen worker 0] jepsen.util: 0	:invoke	:echo	"Please echo 24"
2023-05-19 16:32:48,206{GMT}	INFO	[jepsen worker 0] jepsen.util: 0	:ok	:echo	{:echo "Please echo 24", :in_reply_to 11, :msg_id 11, :type "echo_ok"}
2023-05-19 16:32:48,221{GMT}	INFO	[jepsen worker 0] jepsen.util: 0	:invoke	:echo	"Please echo 37"
2023-05-19 16:32:48,223{GMT}	INFO	[jepsen worker 0] jepsen.util: 0	:ok	:echo	{:echo "Please echo 37", :in_reply_to 12, :msg_id 12, :type "echo_ok"}
2023-05-19 16:32:48,457{GMT}	INFO	[jepsen worker 0] jepsen.util: 0	:invoke	:echo	"Please echo 29"
2023-05-19 16:32:48,460{GMT}	INFO	[jepsen worker 0] jepsen.util: 0	:ok	:echo	{:echo "Please echo 29", :in_reply_to 13, :msg_id 13, :type "echo_ok"}
2023-05-19 16:32:48,672{GMT}	INFO	[jepsen worker 0] jepsen.util: 0	:invoke	:echo	"Please echo 47"
2023-05-19 16:32:48,675{GMT}	INFO	[jepsen worker 0] jepsen.util: 0	:ok	:echo	{:echo "Please echo 47", :in_reply_to 14, :msg_id 14, :type "echo_ok"}
2023-05-19 16:32:49,043{GMT}	INFO	[jepsen worker 0] jepsen.util: 0	:invoke	:echo	"Please echo 83"
2023-05-19 16:32:49,046{GMT}	INFO	[jepsen worker 0] jepsen.util: 0	:ok	:echo	{:echo "Please echo 83", :in_reply_to 15, :msg_id 15, :type "echo_ok"}
2023-05-19 16:32:49,424{GMT}	INFO	[jepsen worker 0] jepsen.util: 0	:invoke	:echo	"Please echo 116"
2023-05-19 16:32:49,426{GMT}	INFO	[jepsen worker 0] jepsen.util: 0	:ok	:echo	{:echo "Please echo 116", :in_reply_to 16, :msg_id 16, :type "echo_ok"}
2023-05-19 16:32:49,766{GMT}	INFO	[jepsen worker 0] jepsen.util: 0	:invoke	:echo	"Please echo 104"
2023-05-19 16:32:49,769{GMT}	INFO	[jepsen worker 0] jepsen.util: 0	:ok	:echo	{:echo "Please echo 104", :in_reply_to 17, :msg_id 17, :type "echo_ok"}
2023-05-19 16:32:49,786{GMT}	INFO	[jepsen worker 0] jepsen.util: 0	:invoke	:echo	"Please echo 56"
2023-05-19 16:32:49,787{GMT}	INFO	[jepsen worker 0] jepsen.util: 0	:ok	:echo	{:echo "Please echo 56", :in_reply_to 18, :msg_id 18, :type "echo_ok"}
2023-05-19 16:32:49,934{GMT}	INFO	[jepsen worker 0] jepsen.util: 0	:invoke	:echo	"Please echo 5"
2023-05-19 16:32:49,936{GMT}	INFO	[jepsen worker 0] jepsen.util: 0	:ok	:echo	{:echo "Please echo 5", :in_reply_to 19, :msg_id 19, :type "echo_ok"}
2023-05-19 16:32:50,238{GMT}	INFO	[jepsen worker 0] jepsen.util: 0	:invoke	:echo	"Please echo 62"
2023-05-19 16:32:50,241{GMT}	INFO	[jepsen worker 0] jepsen.util: 0	:ok	:echo	{:echo "Please echo 62", :in_reply_to 20, :msg_id 20, :type "echo_ok"}
2023-05-19 16:32:50,410{GMT}	INFO	[jepsen worker 0] jepsen.util: 0	:invoke	:echo	"Please echo 45"
2023-05-19 16:32:50,414{GMT}	INFO	[jepsen worker 0] jepsen.util: 0	:ok	:echo	{:echo "Please echo 45", :in_reply_to 21, :msg_id 21, :type "echo_ok"}
2023-05-19 16:32:50,720{GMT}	INFO	[jepsen worker 0] jepsen.util: 0	:invoke	:echo	"Please echo 54"
2023-05-19 16:32:50,724{GMT}	INFO	[jepsen worker 0] jepsen.util: 0	:ok	:echo	{:echo "Please echo 54", :in_reply_to 22, :msg_id 22, :type "echo_ok"}
2023-05-19 16:32:50,858{GMT}	INFO	[jepsen worker 0] jepsen.util: 0	:invoke	:echo	"Please echo 44"
2023-05-19 16:32:50,862{GMT}	INFO	[jepsen worker 0] jepsen.util: 0	:ok	:echo	{:echo "Please echo 44", :in_reply_to 23, :msg_id 23, :type "echo_ok"}
2023-05-19 16:32:50,992{GMT}	INFO	[jepsen worker 0] jepsen.util: 0	:invoke	:echo	"Please echo 122"
2023-05-19 16:32:50,995{GMT}	INFO	[jepsen worker 0] jepsen.util: 0	:ok	:echo	{:echo "Please echo 122", :in_reply_to 24, :msg_id 24, :type "echo_ok"}
2023-05-19 16:32:51,220{GMT}	INFO	[jepsen worker 0] jepsen.util: 0	:invoke	:echo	"Please echo 27"
2023-05-19 16:32:51,223{GMT}	INFO	[jepsen worker 0] jepsen.util: 0	:ok	:echo	{:echo "Please echo 27", :in_reply_to 25, :msg_id 25, :type "echo_ok"}
2023-05-19 16:32:51,563{GMT}	INFO	[jepsen worker 0] jepsen.util: 0	:invoke	:echo	"Please echo 36"
2023-05-19 16:32:51,569{GMT}	INFO	[jepsen worker 0] jepsen.util: 0	:ok	:echo	{:echo "Please echo 36", :in_reply_to 26, :msg_id 26, :type "echo_ok"}
2023-05-19 16:32:51,645{GMT}	INFO	[jepsen worker 0] jepsen.util: 0	:invoke	:echo	"Please echo 120"
2023-05-19 16:32:51,647{GMT}	INFO	[jepsen worker 0] jepsen.util: 0	:ok	:echo	{:echo "Please echo 120", :in_reply_to 27, :msg_id 27, :type "echo_ok"}
2023-05-19 16:32:52,029{GMT}	INFO	[jepsen worker 0] jepsen.util: 0	:invoke	:echo	"Please echo 29"
2023-05-19 16:32:52,033{GMT}	INFO	[jepsen worker 0] jepsen.util: 0	:ok	:echo	{:echo "Please echo 29", :in_reply_to 28, :msg_id 28, :type "echo_ok"}
2023-05-19 16:32:52,393{GMT}	INFO	[jepsen worker 0] jepsen.util: 0	:invoke	:echo	"Please echo 126"
2023-05-19 16:32:52,396{GMT}	INFO	[jepsen worker 0] jepsen.util: 0	:ok	:echo	{:echo "Please echo 126", :in_reply_to 29, :msg_id 29, :type "echo_ok"}
2023-05-19 16:32:52,724{GMT}	INFO	[jepsen worker 0] jepsen.util: 0	:invoke	:echo	"Please echo 77"
2023-05-19 16:32:52,728{GMT}	INFO	[jepsen worker 0] jepsen.util: 0	:ok	:echo	{:echo "Please echo 77", :in_reply_to 30, :msg_id 30, :type "echo_ok"}
2023-05-19 16:32:53,015{GMT}	INFO	[jepsen worker 0] jepsen.util: 0	:invoke	:echo	"Please echo 61"
2023-05-19 16:32:53,018{GMT}	INFO	[jepsen worker 0] jepsen.util: 0	:ok	:echo	{:echo "Please echo 61", :in_reply_to 31, :msg_id 31, :type "echo_ok"}
2023-05-19 16:32:53,094{GMT}	INFO	[jepsen worker 0] jepsen.util: 0	:invoke	:echo	"Please echo 16"
2023-05-19 16:32:53,098{GMT}	INFO	[jepsen worker 0] jepsen.util: 0	:ok	:echo	{:echo "Please echo 16", :in_reply_to 32, :msg_id 32, :type "echo_ok"}
2023-05-19 16:32:53,489{GMT}	INFO	[jepsen worker 0] jepsen.util: 0	:invoke	:echo	"Please echo 93"
2023-05-19 16:32:53,491{GMT}	INFO	[jepsen worker 0] jepsen.util: 0	:ok	:echo	{:echo "Please echo 93", :in_reply_to 33, :msg_id 33, :type "echo_ok"}
2023-05-19 16:32:53,826{GMT}	INFO	[jepsen worker 0] jepsen.util: 0	:invoke	:echo	"Please echo 9"
2023-05-19 16:32:53,829{GMT}	INFO	[jepsen worker 0] jepsen.util: 0	:ok	:echo	{:echo "Please echo 9", :in_reply_to 34, :msg_id 34, :type "echo_ok"}
2023-05-19 16:32:54,124{GMT}	INFO	[jepsen worker 0] jepsen.util: 0	:invoke	:echo	"Please echo 71"
2023-05-19 16:32:54,127{GMT}	INFO	[jepsen worker 0] jepsen.util: 0	:ok	:echo	{:echo "Please echo 71", :in_reply_to 35, :msg_id 35, :type "echo_ok"}
2023-05-19 16:32:54,348{GMT}	INFO	[jepsen worker 0] jepsen.util: 0	:invoke	:echo	"Please echo 11"
2023-05-19 16:32:54,351{GMT}	INFO	[jepsen worker 0] jepsen.util: 0	:ok	:echo	{:echo "Please echo 11", :in_reply_to 36, :msg_id 36, :type "echo_ok"}
2023-05-19 16:32:54,485{GMT}	INFO	[jepsen worker 0] jepsen.util: 0	:invoke	:echo	"Please echo 16"
2023-05-19 16:32:54,489{GMT}	INFO	[jepsen worker 0] jepsen.util: 0	:ok	:echo	{:echo "Please echo 16", :in_reply_to 37, :msg_id 37, :type "echo_ok"}
2023-05-19 16:32:54,525{GMT}	INFO	[jepsen worker 0] jepsen.util: 0	:invoke	:echo	"Please echo 87"
2023-05-19 16:32:54,527{GMT}	INFO	[jepsen worker 0] jepsen.util: 0	:ok	:echo	{:echo "Please echo 87", :in_reply_to 38, :msg_id 38, :type "echo_ok"}
2023-05-19 16:32:54,916{GMT}	INFO	[jepsen worker 0] jepsen.util: 0	:invoke	:echo	"Please echo 62"
2023-05-19 16:32:54,918{GMT}	INFO	[jepsen worker 0] jepsen.util: 0	:ok	:echo	{:echo "Please echo 62", :in_reply_to 39, :msg_id 39, :type "echo_ok"}
2023-05-19 16:32:55,023{GMT}	INFO	[jepsen worker 0] jepsen.util: 0	:invoke	:echo	"Please echo 70"
2023-05-19 16:32:55,026{GMT}	INFO	[jepsen worker 0] jepsen.util: 0	:ok	:echo	{:echo "Please echo 70", :in_reply_to 40, :msg_id 40, :type "echo_ok"}
2023-05-19 16:32:55,389{GMT}	INFO	[jepsen worker 0] jepsen.util: 0	:invoke	:echo	"Please echo 123"
2023-05-19 16:32:55,393{GMT}	INFO	[jepsen worker 0] jepsen.util: 0	:ok	:echo	{:echo "Please echo 123", :in_reply_to 41, :msg_id 41, :type "echo_ok"}
2023-05-19 16:32:55,408{GMT}	INFO	[jepsen worker 0] jepsen.util: 0	:invoke	:echo	"Please echo 76"
2023-05-19 16:32:55,413{GMT}	INFO	[jepsen worker 0] jepsen.util: 0	:ok	:echo	{:echo "Please echo 76", :in_reply_to 42, :msg_id 42, :type "echo_ok"}
2023-05-19 16:32:55,658{GMT}	INFO	[jepsen worker 0] jepsen.util: 0	:invoke	:echo	"Please echo 75"
2023-05-19 16:32:55,661{GMT}	INFO	[jepsen worker 0] jepsen.util: 0	:ok	:echo	{:echo "Please echo 75", :in_reply_to 43, :msg_id 43, :type "echo_ok"}
2023-05-19 16:32:55,713{GMT}	INFO	[jepsen worker 0] jepsen.util: 0	:invoke	:echo	"Please echo 18"
2023-05-19 16:32:55,716{GMT}	INFO	[jepsen worker 0] jepsen.util: 0	:ok	:echo	{:echo "Please echo 18", :in_reply_to 44, :msg_id 44, :type "echo_ok"}
2023-05-19 16:32:55,858{GMT}	INFO	[jepsen worker 0] jepsen.util: 0	:invoke	:echo	"Please echo 64"
2023-05-19 16:32:55,862{GMT}	INFO	[jepsen worker 0] jepsen.util: 0	:ok	:echo	{:echo "Please echo 64", :in_reply_to 45, :msg_id 45, :type "echo_ok"}
2023-05-19 16:32:55,989{GMT}	INFO	[jepsen worker 0] jepsen.util: 0	:invoke	:echo	"Please echo 117"
2023-05-19 16:32:55,992{GMT}	INFO	[jepsen worker 0] jepsen.util: 0	:ok	:echo	{:echo "Please echo 117", :in_reply_to 46, :msg_id 46, :type "echo_ok"}
2023-05-19 16:32:56,022{GMT}	INFO	[jepsen test runner] jepsen.core: Run complete, writing
2023-05-19 16:32:56,080{GMT}	INFO	[jepsen node n0] maelstrom.db: Tearing down n0
2023-05-19 16:32:57,588{GMT}	INFO	[jepsen node n0] maelstrom.net: Shutting down Maelstrom network
2023-05-19 16:32:57,590{GMT}	INFO	[jepsen test runner] jepsen.core: Analyzing...
2023-05-19 16:33:04,336{GMT}	INFO	[jepsen test runner] jepsen.core: Analysis complete
2023-05-19 16:33:04,340{GMT}	INFO	[jepsen results] jepsen.store: Wrote /Users/austinprince/Developer/maestrom-echo/maelstrom/store/echo/20230519T163244.733+0200/results.edn
2023-05-19 16:33:04,367{GMT}	INFO	[jepsen test runner] jepsen.core: {:perf {:latency-graph {:valid? true},
        :rate-graph {:valid? true},
        :valid? true},
 :timeline {:valid? true},
 :exceptions {:valid? true},
 :stats {:valid? true,
         :count 46,
         :ok-count 46,
         :fail-count 0,
         :info-count 0,
         :by-f {:echo {:valid? true,
                       :count 46,
                       :ok-count 46,
                       :fail-count 0,
                       :info-count 0}}},
 :availability {:valid? true, :ok-fraction 1.0},
 :net {:all {:send-count 94,
             :recv-count 94,
             :msg-count 94,
             :msgs-per-op 2.0434783},
       :clients {:send-count 94, :recv-count 94, :msg-count 94},
       :servers {:send-count 0,
                 :recv-count 0,
                 :msg-count 0,
                 :msgs-per-op 0.0},
       :valid? true},
 :workload {:valid? true, :errors ()},
 :valid? true}


Everything looks good! ヽ(‘ー`)ノ
